INFO:root:Splitting the data set
INFO:root:Shape of the initial Data Frame
INFO:root:(24294, 2)
INFO:root:Martin Aeschlimann          0.080143
Olivier Thomann             0.064337
Markus Keller               0.055940
Dani Megert                 0.047337
JDT-Text-Inbox              0.046555
Philipe Mulet               0.044785
Jerome Lanneluc             0.043838
Darin Wright                0.043179
JDT-UI-Inbox                0.037952
Erich Gamma                 0.036099
Frederic Fusier             0.031160
Dirk Baeumer                0.030831
Benno Baumgartner           0.028855
Adam Kiezun                 0.023257
David Audel                 0.023257
Kent Johnson                0.022475
Stephan Herrmann            0.022392
Darin Swanson               0.021651
Tobias Widmer               0.020869
Srikanth Sankaran           0.020705
Kai-Uwe Maetzel             0.016630
Michael Rennie              0.015354
Jay Arthanareeswaran        0.014530
Tom Hofmann                 0.013090
Jared Burns                 0.011608
Luc Bourlier                0.010949
Kevin Barnes                0.010867
JDT-Debug-Inbox             0.010373
Joe Szurszewski             0.009879
Deepak Azad                 0.008150
                              ...   
John Wiegand                0.000041
Kenneth Olson               0.000041
Matthias Mailaender         0.000041
Platform UI Triaged         0.000041
Andreas Schmid              0.000041
Ed Merks                    0.000041
Boris Shingarov             0.000041
Martin Robertson            0.000041
Dorian Birsan               0.000041
Brian McNamara              0.000041
Nick Edgar                  0.000041
Achim Demelt                0.000041
Stefan Ocke                 0.000041
Billy Huang                 0.000041
Eclipse Webmaster           0.000041
Lakshmi Shanmugam           0.000041
Philippe Marschall          0.000041
Jeremie Bresson             0.000041
Gabor Kovesdan              0.000041
Kalyan Prasad Tatavarthi    0.000041
Andrej Zachar               0.000041
equinox.framework-inbox     0.000041
Jonah Graham                0.000041
Rabea Gransberger           0.000041
Genady Beryozkin            0.000041
Jens Schiebel               0.000041
Moshe WAJNBERG              0.000041
Michael Van Meekeren        0.000041
Alex Panchenko              0.000041
Kim Moir                    0.000041
Name: class, dtype: float64
INFO:root:Shape of the training set
INFO:root:(21864, 2)
INFO:root:Martin Aeschlimann          0.089050
Olivier Thomann             0.070801
Markus Keller               0.053787
JDT-Text-Inbox              0.051500
Philipe Mulet               0.049762
Dani Megert                 0.049168
Jerome Lanneluc             0.048710
Darin Wright                0.047978
JDT-UI-Inbox                0.041804
Erich Gamma                 0.040112
Frederic Fusier             0.034623
Dirk Baeumer                0.034257
Benno Baumgartner           0.032062
Adam Kiezun                 0.025842
David Audel                 0.025842
Kent Johnson                0.024973
Darin Swanson               0.024058
Tobias Widmer               0.023189
Kai-Uwe Maetzel             0.018478
Tom Hofmann                 0.014544
Michael Rennie              0.014499
Jared Burns                 0.012898
Luc Bourlier                0.012166
Kevin Barnes                0.012075
JDT-Debug-Inbox             0.011206
Joe Szurszewski             0.010977
Srikanth Sankaran           0.009193
Deepak Azad                 0.008965
Ayushman Jain               0.007913
Curtis Windatt              0.007821
                              ...   
Nicolaj Hoess               0.000046
Gili Mendel                 0.000046
Cam-Thu Le                  0.000046
Kim Horne                   0.000046
Kenneth Olson               0.000046
Michael Van Meekeren        0.000046
Moshe WAJNBERG              0.000046
Genady Beryozkin            0.000046
Gabor Kovesdan              0.000046
Eclipse Webmaster           0.000046
Dorian Birsan               0.000046
Martin Robertson            0.000046
John Wiegand                0.000046
Andreas Schmid              0.000046
Achim Demelt                0.000046
Christian Plesner Hansen    0.000046
John Ryding                 0.000046
Xavier Coulon               0.000046
Mateusz Wenus               0.000046
Andrej Zachar               0.000046
Mik Kersten                 0.000046
Harald Albers               0.000046
Troy Bishop                 0.000046
Robert Roth                 0.000046
Nick Edgar                  0.000046
Matthias Mailaender         0.000046
Boris Shingarov             0.000046
Billy Huang                 0.000046
Lakshmi Shanmugam           0.000046
Tod Creasey                 0.000046
Name: class, dtype: float64
INFO:root:Shape of the test set
INFO:root:(2430, 2)
INFO:root:Stephan Herrmann            0.175720
Srikanth Sankaran           0.124280
Jay Arthanareeswaran        0.092593
Markus Keller               0.075309
Noopur Gupta                0.067490
Manoj Palat                 0.066255
Stefan Xenos                0.043210
Sasikanth Bharadwaj         0.040329
Till Brychcy                0.031276
Dani Megert                 0.030864
Mateusz Matela              0.030453
Sarika Sinha                0.026337
shankha banerjee            0.023457
Michael Rennie              0.023045
Manju Mathew                0.018107
Jesper Moller               0.013580
Lars Vogel                  0.009053
ANIRBAN CHAKRABORTY         0.009053
Andrew Clement              0.008642
JDT-Core-Inbox              0.006996
Olivier Thomann             0.006173
Szymon Ptaszkiewicz         0.004527
David Williams              0.004115
Sergey Prigogin             0.003704
JDT-UI-Inbox                0.003292
Matthias Becker             0.003292
Mickael Istria              0.003292
Harry Terkelsen             0.003292
Samrat Dhillon              0.003292
Nikolay Metchev             0.002881
                              ...   
Alexander Rookey            0.000823
Carmi Grushko               0.000823
Vladimir Piskarev           0.000823
Max L.                      0.000412
Conrad Groth                0.000412
Kalyan Prasad Tatavarthi    0.000412
Lukas Hanke                 0.000412
Jens Schiebel               0.000412
Snjezana Peco               0.000412
Ievgen Lukash               0.000412
Jerome Cambon               0.000412
Rabea Gransberger           0.000412
Alex Panchenko              0.000412
Andrew Eisenberg            0.000412
Ed Merks                    0.000412
Harald Albers               0.000412
Moritz Eysholdt             0.000412
Björn Michael               0.000412
Josef Lehner                0.000412
Holger Schill               0.000412
Brian McNamara              0.000412
Platform UI Triaged         0.000412
Christian Georgi            0.000412
Stefan Ocke                 0.000412
Dirk Olmes                  0.000412
Anton Tanasenko             0.000412
Jeremie Bresson             0.000412
Jonah Graham                0.000412
Sven Strohschein            0.000412
Jan Rosczak                 0.000412
Name: class, dtype: float64
INFO:root:Training of the models
INFO:root:GridSearch var_threshold Linear SVM
INFO:root:--- 67.85148549079895 seconds ---
INFO:root:GridSearch chi2 Linear SVM
INFO:root:--- 77.82858228683472 seconds ---
INFO:root:GridSearch f_classif Linear SVM
INFO:root:--- 75.92656755447388 seconds ---
INFO:root:GridSearch mutual_info_classif Linear SVM
INFO:root:--- 5001.715172767639 seconds ---
INFO:root:GridSearch var_threshold Linear SVM
INFO:root:Best parameters set found on the training set:
INFO:root:{'var_threshold__threshold': 0.00083333333333333328}
INFO:root:Grid scores on the training set:
INFO:root:[ 0.21721188  0.37819561] (+/-[ 0.11495156  0.1337041 ]) for {'var_threshold__threshold': 0.00083333333333333328}
INFO:root:[ 0.10920986  0.26262048] (+/-[ 0.06763187  0.10459617]) for {'var_threshold__threshold': 0.0024999999999999996}
INFO:root:[ 0.0792149  0.2203055] (+/-[ 0.06714054  0.08657722]) for {'var_threshold__threshold': 0.0041666666666666657}
INFO:root:[ 0.07619527  0.21441662] (+/-[ 0.06483603  0.08099911]) for {'var_threshold__threshold': 0.0058333333333333327}
INFO:root:[ 0.07594363  0.21441236] (+/-[ 0.06514974  0.08146827]) for {'var_threshold__threshold': 0.007499999999999998}
INFO:root:All results on the training set
INFO:root:{'split0_test_score': array([[ 0.27830901,  0.45784342],
       [ 0.16708606,  0.35656762],
       [ 0.09964771,  0.28119548],
       [ 0.0981379 ,  0.2692532 ],
       [ 0.09864117,  0.27102316]]), 'split1_test_score': array([[ 0.24257675,  0.42366811],
       [ 0.09713135,  0.27129913],
       [ 0.0437846 ,  0.21731267],
       [ 0.03875189,  0.20598656],
       [ 0.03875189,  0.20598656]]), 'split2_test_score': array([[ 0.25666834,  0.42317982],
       [ 0.10115752,  0.26431295],
       [ 0.06240564,  0.21857473],
       [ 0.06441872,  0.21716921],
       [ 0.06139909,  0.21535668]]), 'split3_test_score': array([[ 0.24257675,  0.41370272],
       [ 0.10770005,  0.27370888],
       [ 0.0981379 ,  0.24554562],
       [ 0.094615  ,  0.24107344],
       [ 0.094615  ,  0.24107344]]), 'split4_test_score': array([[ 0.25666834,  0.41019502],
       [ 0.12682436,  0.28692909],
       [ 0.1016608 ,  0.23675966],
       [ 0.09411173,  0.22575139],
       [ 0.09411173,  0.22575139]]), 'split5_test_score': array([[ 0.27176648,  0.43046068],
       [ 0.15551082,  0.31668188],
       [ 0.13537997,  0.27504977],
       [ 0.12833417,  0.26493486],
       [ 0.12833417,  0.26493486]]), 'split6_test_score': array([[ 0.18772018,  0.33385604],
       [ 0.09914444,  0.22745263],
       [ 0.08002013,  0.1982298 ],
       [ 0.07297433,  0.19064556],
       [ 0.07297433,  0.19064556]]), 'split7_test_score': array([[ 0.17564167,  0.33137673],
       [ 0.10417715,  0.24058666],
       [ 0.09562154,  0.21419047],
       [ 0.0981379 ,  0.21659343],
       [ 0.0981379 ,  0.21659343]]), 'split8_test_score': array([[ 0.17564167,  0.33049987],
       [ 0.09562154,  0.23770066],
       [ 0.06592854,  0.19585136],
       [ 0.06290891,  0.192565  ],
       [ 0.06290891,  0.192565  ]]), 'split9_test_score': array([[ 0.08454957,  0.22717367],
       [ 0.03774534,  0.15096526],
       [ 0.00956215,  0.1203454 ],
       [ 0.00956215,  0.1201935 ],
       [ 0.00956215,  0.1201935 ]]), 'mean_test_score': array([[ 0.21721188,  0.37819561],
       [ 0.10920986,  0.26262048],
       [ 0.0792149 ,  0.2203055 ],
       [ 0.07619527,  0.21441662],
       [ 0.07594363,  0.21441236]]), 'std_test_score': array([[ 0.05747578,  0.06685205],
       [ 0.03381593,  0.05229808],
       [ 0.03357027,  0.04328861],
       [ 0.03241801,  0.04049956],
       [ 0.03257487,  0.04073413]]), 'rank_test_score': array([1, 2, 3, 4, 5], dtype=int32), 'split0_train_score': array([[ 0.57923771,  0.73388127],
       [ 0.29689067,  0.48854711],
       [ 0.23671013,  0.40237462],
       [ 0.22868606,  0.3883409 ],
       [ 0.22617854,  0.37904645]]), 'split1_train_score': array([[ 0.4853052 ,  0.65414255],
       [ 0.21125345,  0.39962452],
       [ 0.16930419,  0.34044902],
       [ 0.16377795,  0.33132714],
       [ 0.16377795,  0.33132714]]), 'split2_train_score': array([[ 0.42124665,  0.60210627],
       [ 0.1875    ,  0.3663773 ],
       [ 0.13689678,  0.30326636],
       [ 0.13153485,  0.29462756],
       [ 0.12885389,  0.29251861]]), 'split3_train_score': array([[ 0.38918919,  0.57024751],
       [ 0.17209302,  0.34158025],
       [ 0.127467  ,  0.28702159],
       [ 0.12407291,  0.2806952 ],
       [ 0.12407291,  0.2806952 ]]), 'split4_train_score': array([[ 0.3680346 ,  0.54592197],
       [ 0.17340575,  0.33929206],
       [ 0.12160531,  0.27554038],
       [ 0.11899014,  0.26851331],
       [ 0.11899014,  0.26851331]]), 'split5_train_score': array([[ 0.35778355,  0.53388509],
       [ 0.16732333,  0.33209504],
       [ 0.12172018,  0.27153762],
       [ 0.11769637,  0.26498133],
       [ 0.11769637,  0.26498133]]), 'split6_train_score': array([[ 0.34284277,  0.51965168],
       [ 0.14803104,  0.30827902],
       [ 0.12323944,  0.26893053],
       [ 0.11792182,  0.26162668],
       [ 0.11792182,  0.26162668]]), 'split7_train_score': array([[ 0.32735962,  0.50272825],
       [ 0.14601019,  0.3013488 ],
       [ 0.117525  ,  0.25978607],
       [ 0.11274602,  0.25257104],
       [ 0.11274602,  0.25257104]]), 'split8_train_score': array([[ 0.32029067,  0.49463438],
       [ 0.14130799,  0.29496654],
       [ 0.11553941,  0.25287774],
       [ 0.11151481,  0.24863293],
       [ 0.11151481,  0.24863293]]), 'split9_train_score': array([[ 0.30422096,  0.4802101 ],
       [ 0.13638879,  0.28675623],
       [ 0.10977512,  0.24663548],
       [ 0.10610253,  0.24235134],
       [ 0.10610253,  0.24235134]]), 'mean_train_score': array([[ 0.38955109,  0.56374091],
       [ 0.17802042,  0.34588669],
       [ 0.13797826,  0.29084194],
       [ 0.13330435,  0.28336674],
       [ 0.1327855 ,  0.2822264 ]]), 'std_train_score': array([[ 0.0810891 ,  0.07567221],
       [ 0.04527726,  0.05779195],
       [ 0.03647991,  0.04529484],
       [ 0.03526635,  0.04280429],
       [ 0.03461081,  0.04049821]]), 'mean_fit_time': array([ 3.12882295,  3.91612313,  3.75027511,  3.63234007,  3.61149671]), 'std_fit_time': array([ 2.03418422,  2.75648975,  2.50395702,  2.4810927 ,  2.50406224]), 'mean_score_time': array([ 0.67430711,  0.67446933,  0.67040887,  0.66334722,  0.66459665]), 'std_score_time': array([ 0.04272214,  0.02681551,  0.04985843,  0.04059859,  0.04009401]), 'param_var_threshold__threshold': masked_array(data = [0.00083333333333333328 0.0024999999999999996 0.0041666666666666657
 0.0058333333333333327 0.007499999999999998],
             mask = [False False False False False],
       fill_value = ?)
, 'params': [{'var_threshold__threshold': 0.00083333333333333328}, {'var_threshold__threshold': 0.0024999999999999996}, {'var_threshold__threshold': 0.0041666666666666657}, {'var_threshold__threshold': 0.0058333333333333327}, {'var_threshold__threshold': 0.007499999999999998}]}
INFO:root:GridSearch chi2 Linear SVM
INFO:root:Best parameters set found on the training set:
INFO:root:{'chi2__percentile': 90}
INFO:root:Grid scores on the training set:
INFO:root:[ 0.26914947  0.42170869] (+/-[ 0.1248663   0.13911828]) for {'chi2__percentile': 10}
INFO:root:[ 0.27116256  0.42114596] (+/-[ 0.12819796  0.1406162 ]) for {'chi2__percentile': 30}
INFO:root:[ 0.27267237  0.42245124] (+/-[ 0.12568553  0.13914538]) for {'chi2__percentile': 50}
INFO:root:[ 0.27372924  0.42343355] (+/-[ 0.12642707  0.13955092]) for {'chi2__percentile': 70}
INFO:root:[ 0.27433317  0.42379101] (+/-[ 0.12786454  0.14019981]) for {'chi2__percentile': 90}
INFO:root:All results on the training set
INFO:root:{'split0_test_score': array([[ 0.30196276,  0.47764903],
       [ 0.30347257,  0.47605624],
       [ 0.30699547,  0.47840054],
       [ 0.31102164,  0.48138737],
       [ 0.31202818,  0.48205675]]), 'split1_test_score': array([[ 0.30246603,  0.46678951],
       [ 0.3029693 ,  0.46655181],
       [ 0.30548566,  0.46967994],
       [ 0.3064922 ,  0.47067601],
       [ 0.30800201,  0.4714022 ]]), 'split2_test_score': array([[ 0.313538  ,  0.46530729],
       [ 0.30397584,  0.4600956 ],
       [ 0.30548566,  0.45927539],
       [ 0.30498239,  0.45959487],
       [ 0.3064922 ,  0.46025261]]), 'split3_test_score': array([[ 0.28132864,  0.44514122],
       [ 0.28183191,  0.44397386],
       [ 0.28183191,  0.44410831],
       [ 0.27780574,  0.44180679],
       [ 0.27780574,  0.44200488]]), 'split4_test_score': array([[ 0.32762959,  0.46639834],
       [ 0.32964268,  0.46534453],
       [ 0.32913941,  0.4664507 ],
       [ 0.32913941,  0.46683307],
       [ 0.32913941,  0.46644961]]), 'split5_test_score': array([[ 0.33014595,  0.48730269],
       [ 0.34977353,  0.49699288],
       [ 0.34474082,  0.49529559],
       [ 0.34776044,  0.49681339],
       [ 0.35078007,  0.49847074]]), 'split6_test_score': array([[ 0.24006039,  0.38300916],
       [ 0.23855058,  0.38494143],
       [ 0.24609965,  0.3895776 ],
       [ 0.24811273,  0.39168061],
       [ 0.24760946,  0.39161496]]), 'split7_test_score': array([[ 0.25465526,  0.40036153],
       [ 0.26220433,  0.39920134],
       [ 0.26220433,  0.39839225],
       [ 0.26472068,  0.40046401],
       [ 0.26472068,  0.40072729]]), 'split8_test_score': array([[ 0.22798188,  0.37849976],
       [ 0.22647207,  0.37133169],
       [ 0.23049824,  0.37399257],
       [ 0.23351787,  0.3759888 ],
       [ 0.23351787,  0.37597245]]), 'split9_test_score': array([[ 0.11172622,  0.2466284 ],
       [ 0.11273276,  0.24697017],
       [ 0.11424258,  0.24933953],
       [ 0.11373931,  0.2490906 ],
       [ 0.11323603,  0.24895856]]), 'mean_test_score': array([[ 0.26914947,  0.42170869],
       [ 0.27116256,  0.42114596],
       [ 0.27267237,  0.42245124],
       [ 0.27372924,  0.42343355],
       [ 0.27433317,  0.42379101]]), 'std_test_score': array([[ 0.06243315,  0.06955914],
       [ 0.06409898,  0.0703081 ],
       [ 0.06284276,  0.06957269],
       [ 0.06321354,  0.06977546],
       [ 0.06393227,  0.07009991]]), 'rank_test_score': array([5, 4, 3, 2, 1], dtype=int32), 'split0_train_score': array([[ 0.84854564,  0.91419715],
       [ 0.97291876,  0.9858325 ],
       [ 0.98796389,  0.99381478],
       [ 0.99348044,  0.99665664],
       [ 0.99448345,  0.99724173]]), 'split1_train_score': array([[ 0.764632  ,  0.86183426],
       [ 0.9412208 ,  0.96794177],
       [ 0.97161517,  0.98463535],
       [ 0.98015574,  0.98951269],
       [ 0.98266767,  0.99078958]]), 'split2_train_score': array([[ 0.76658847,  0.8629742 ],
       [ 0.93733244,  0.96548208],
       [ 0.96598525,  0.98180187],
       [ 0.97352547,  0.98614835],
       [ 0.97603887,  0.98760054]]), 'split3_train_score': array([[ 0.74720302,  0.84896243],
       [ 0.93488372,  0.96404263],
       [ 0.96153363,  0.97923389],
       [ 0.96957888,  0.9837587 ],
       [ 0.97259585,  0.98547879]]), 'split4_train_score': array([[ 0.73878495,  0.84381821],
       [ 0.93009455,  0.96134912],
       [ 0.95614564,  0.97611273],
       [ 0.96509757,  0.9813016 ],
       [ 0.96771273,  0.98284304]]), 'split5_train_score': array([[ 0.74339844,  0.84499341],
       [ 0.9253919 ,  0.95855314],
       [ 0.95288792,  0.97434816],
       [ 0.96127085,  0.97930024],
       [ 0.96445637,  0.98110025]]), 'split6_train_score': array([[ 0.74202357,  0.84400109],
       [ 0.92354125,  0.95736122],
       [ 0.94919517,  0.9724059 ],
       [ 0.95839322,  0.97769124],
       [ 0.96112389,  0.97926208]]), 'split7_train_score': array([[ 0.73011382,  0.83602497],
       [ 0.91819154,  0.95437156],
       [ 0.94692825,  0.97112765],
       [ 0.95629755,  0.97650687],
       [ 0.95856128,  0.97779698]]), 'split8_train_score': array([[ 0.71330352,  0.8236256 ],
       [ 0.91302404,  0.95111227],
       [ 0.94203466,  0.96831497],
       [ 0.95170486,  0.97392438],
       [ 0.95477921,  0.97566575]]), 'split9_train_score': array([[ 0.70231926,  0.8153134 ],
       [ 0.9053177 ,  0.94633881],
       [ 0.93806913,  0.96599403],
       [ 0.94893596,  0.97227596],
       [ 0.95150174,  0.97377386]]), 'mean_train_score': array([[ 0.74969127,  0.84957447],
       [ 0.93019167,  0.96123851],
       [ 0.95723587,  0.97677893],
       [ 0.96584405,  0.98170766],
       [ 0.96839211,  0.98315526]]), 'std_train_score': array([[ 0.03802093,  0.02573375],
       [ 0.01773407,  0.01034226],
       [ 0.01426686,  0.00792821],
       [ 0.01302102,  0.00712035],
       [ 0.01263611,  0.00688595]]), 'mean_fit_time': array([ 3.77920606,  4.5594034 ,  4.80078182,  5.09856086,  5.07491372]), 'std_fit_time': array([ 2.61233526,  3.60240595,  3.52160082,  3.66388629,  3.56814599]), 'mean_score_time': array([ 0.76375666,  0.7541225 ,  0.75194397,  0.76081376,  0.72555726]), 'std_score_time': array([ 0.10931119,  0.08018922,  0.0513782 ,  0.07112935,  0.04785709]), 'param_chi2__percentile': masked_array(data = [10 30 50 70 90],
             mask = [False False False False False],
       fill_value = ?)
, 'params': [{'chi2__percentile': 10}, {'chi2__percentile': 30}, {'chi2__percentile': 50}, {'chi2__percentile': 70}, {'chi2__percentile': 90}]}
INFO:root:GridSearch f_classif Linear SVM
INFO:root:Best parameters set found on the training set:
INFO:root:{'f_classif__percentile': 90}
INFO:root:Grid scores on the training set:
INFO:root:[ 0.27015601  0.42288998] (+/-[ 0.12340211  0.13661243]) for {'f_classif__percentile': 10}
INFO:root:[ 0.26940111  0.4196286 ] (+/-[ 0.12512587  0.13805675]) for {'f_classif__percentile': 30}
INFO:root:[ 0.27015601  0.42049526] (+/-[ 0.12485656  0.13778821]) for {'f_classif__percentile': 50}
INFO:root:[ 0.27262204  0.42204878] (+/-[ 0.12832454  0.14078613]) for {'f_classif__percentile': 70}
INFO:root:[ 0.2727227   0.42262345] (+/-[ 0.12987632  0.14148755]) for {'f_classif__percentile': 90}
INFO:root:All results on the training set
INFO:root:{'split0_test_score': array([[ 0.3029693 ,  0.47763106],
       [ 0.30196276,  0.47474885],
       [ 0.30447911,  0.4781548 ],
       [ 0.30800201,  0.47965308],
       [ 0.30951183,  0.48090033]]), 'split1_test_score': array([[ 0.30800201,  0.46938391],
       [ 0.29793659,  0.46263931],
       [ 0.30246603,  0.46732175],
       [ 0.3100151 ,  0.47113042],
       [ 0.30850528,  0.47109605]]), 'split2_test_score': array([[ 0.313538  ,  0.46595804],
       [ 0.31102164,  0.46145147],
       [ 0.29994967,  0.45420824],
       [ 0.30598893,  0.458889  ],
       [ 0.30548566,  0.45936708]]), 'split3_test_score': array([[ 0.28032209,  0.44527099],
       [ 0.27478611,  0.43775949],
       [ 0.27679919,  0.43967614],
       [ 0.27478611,  0.4393593 ],
       [ 0.27981882,  0.44312614]]), 'split4_test_score': array([[ 0.31957725,  0.45974584],
       [ 0.33115249,  0.46768676],
       [ 0.32762959,  0.46439485],
       [ 0.33115249,  0.46676218],
       [ 0.33014595,  0.46641307]]), 'split5_test_score': array([[ 0.33316558,  0.48891123],
       [ 0.33568193,  0.48709539],
       [ 0.34524409,  0.49370733],
       [ 0.34826371,  0.49593183],
       [ 0.3502768 ,  0.49821441]]), 'split6_test_score': array([[ 0.24106694,  0.38932996],
       [ 0.23855058,  0.38436816],
       [ 0.23905385,  0.38456794],
       [ 0.24207348,  0.38764507],
       [ 0.24207348,  0.38691887]]), 'split7_test_score': array([[ 0.2627076 ,  0.40645171],
       [ 0.2627076 ,  0.40116028],
       [ 0.26220433,  0.39987338],
       [ 0.2627076 ,  0.40004301],
       [ 0.26170106,  0.39916379]]), 'split8_test_score': array([[ 0.2259688 ,  0.37605996],
       [ 0.22747861,  0.37318448],
       [ 0.22898842,  0.37353026],
       [ 0.22999497,  0.37445907],
       [ 0.22848515,  0.37351875]]), 'split9_test_score': array([[ 0.11424258,  0.2501571 ],
       [ 0.11273276,  0.24619178],
       [ 0.11474585,  0.24951797],
       [ 0.11323603,  0.24661482],
       [ 0.11122295,  0.24751604]]), 'mean_test_score': array([[ 0.27015601,  0.42288998],
       [ 0.26940111,  0.4196286 ],
       [ 0.27015601,  0.42049526],
       [ 0.27262204,  0.42204878],
       [ 0.2727227 ,  0.42262345]]), 'std_test_score': array([[ 0.06170106,  0.06830621],
       [ 0.06256293,  0.06902837],
       [ 0.06242828,  0.0688941 ],
       [ 0.06416227,  0.07039306],
       [ 0.06493816,  0.07074377]]), 'rank_test_score': array([3, 5, 3, 2, 1], dtype=int32), 'split0_train_score': array([[ 0.82698094,  0.90316331],
       [ 0.9222668 ,  0.95885155],
       [ 0.96138415,  0.9800652 ],
       [ 0.98495486,  0.99235206],
       [ 0.99348044,  0.99674022]]), 'split1_train_score': array([[ 0.72921377,  0.84053046],
       [ 0.88922381,  0.939101  ],
       [ 0.9447375 ,  0.97034067],
       [ 0.96985682,  0.98417483],
       [ 0.98065813,  0.98978481]]), 'split2_train_score': array([[ 0.72386059,  0.83626538],
       [ 0.88538874,  0.93664871],
       [ 0.93800268,  0.96681237],
       [ 0.9586126 ,  0.97810844],
       [ 0.97285523,  0.98595286]]), 'split3_train_score': array([[ 0.68912634,  0.80975965],
       [ 0.87366436,  0.9292946 ],
       [ 0.94054054,  0.96784039],
       [ 0.95461974,  0.97560412],
       [ 0.96781898,  0.98302136]]), 'split4_train_score': array([[ 0.67732851,  0.80067732],
       [ 0.8632066 ,  0.92226698],
       [ 0.93623013,  0.96534451],
       [ 0.95121706,  0.97356961],
       [ 0.96328706,  0.98021028]]), 'split5_train_score': array([[ 0.66870651,  0.7935831 ],
       [ 0.86302289,  0.92178231],
       [ 0.92673317,  0.95980499],
       [ 0.94953475,  0.97279779],
       [ 0.95942661,  0.97818611]]), 'split6_train_score': array([[ 0.67102616,  0.79514677],
       [ 0.87410175,  0.92853995],
       [ 0.92224777,  0.95697558],
       [ 0.94545847,  0.97049529],
       [ 0.95480023,  0.97558561]]), 'split7_train_score': array([[ 0.65321009,  0.78193112],
       [ 0.87373452,  0.92848893],
       [ 0.91385273,  0.95228114],
       [ 0.94246369,  0.96866533],
       [ 0.95239892,  0.97417718]]), 'split8_train_score': array([[ 0.66785914,  0.79232252],
       [ 0.86221353,  0.9207933 ],
       [ 0.90911124,  0.94922533],
       [ 0.93655674,  0.9652781 ],
       [ 0.94857462,  0.9720916 ]]), 'split9_train_score': array([[ 0.66126679,  0.78807106],
       [ 0.85032953,  0.91351594],
       [ 0.90395935,  0.94591289],
       [ 0.9315289 ,  0.96220182],
       [ 0.94415656,  0.96955328]]), 'mean_train_score': array([[ 0.69685788,  0.81414507],
       [ 0.87571525,  0.92992833],
       [ 0.92967993,  0.96146031],
       [ 0.95248036,  0.97432474],
       [ 0.96374568,  0.98053033]]), 'std_train_score': array([[ 0.04962035,  0.0350541 ],
       [ 0.01896874,  0.0120338 ],
       [ 0.01691465,  0.01003975],
       [ 0.01500385,  0.00846383],
       [ 0.01453028,  0.00803824]]), 'mean_fit_time': array([ 3.86186752,  4.31313097,  4.57372177,  5.10922923,  4.88951652]), 'std_fit_time': array([ 2.96370733,  3.32531287,  3.387276  ,  4.15299461,  3.68760049]), 'mean_score_time': array([ 0.69356928,  0.68583288,  0.70398431,  0.70943382,  0.69950414]), 'std_score_time': array([ 0.06487762,  0.03545692,  0.04825632,  0.0376021 ,  0.03771835]), 'param_f_classif__percentile': masked_array(data = [10 30 50 70 90],
             mask = [False False False False False],
       fill_value = ?)
, 'params': [{'f_classif__percentile': 10}, {'f_classif__percentile': 30}, {'f_classif__percentile': 50}, {'f_classif__percentile': 70}, {'f_classif__percentile': 90}]}
INFO:root:GridSearch mutual_info_classif Linear SVM
INFO:root:Best parameters set found on the training set:
INFO:root:{'mutual_info_classif__percentile': 90}
INFO:root:Grid scores on the training set:
INFO:root:[ 0.26638148  0.41591361] (+/-[ 0.12460171  0.13591706]) for {'mutual_info_classif__percentile': 10}
INFO:root:[ 0.27141419  0.42039987] (+/-[ 0.12527557  0.13701322]) for {'mutual_info_classif__percentile': 30}
INFO:root:[ 0.27307499  0.42181556] (+/-[ 0.12663505  0.13884607]) for {'mutual_info_classif__percentile': 50}
INFO:root:[ 0.27257172  0.42188205] (+/-[ 0.12847852  0.14008109]) for {'mutual_info_classif__percentile': 70}
INFO:root:[ 0.27352793  0.42305087] (+/-[ 0.12861963  0.14063967]) for {'mutual_info_classif__percentile': 90}
INFO:root:All results on the training set
INFO:root:{'split0_test_score': array([[ 0.30095622,  0.46982222],
       [ 0.30498239,  0.47540007],
       [ 0.3100151 ,  0.47878088],
       [ 0.30900856,  0.47965398],
       [ 0.30900856,  0.48080578]]), 'split1_test_score': array([[ 0.30246603,  0.46471384],
       [ 0.30498239,  0.46735674],
       [ 0.30498239,  0.46868176],
       [ 0.30498239,  0.46856594],
       [ 0.3064922 ,  0.47019423]]), 'split2_test_score': array([[ 0.30145949,  0.45269516],
       [ 0.30347257,  0.45630726],
       [ 0.30498239,  0.45842442],
       [ 0.30347257,  0.45731145],
       [ 0.30699547,  0.45996298]]), 'split3_test_score': array([[ 0.27377957,  0.43905272],
       [ 0.27528938,  0.43858869],
       [ 0.27478611,  0.43915771],
       [ 0.27730247,  0.44059505],
       [ 0.27881228,  0.44225829]]), 'split4_test_score': array([[ 0.33064922,  0.4629059 ],
       [ 0.32762959,  0.46310785],
       [ 0.32913941,  0.46437312],
       [ 0.3326623 ,  0.46720015],
       [ 0.33165576,  0.46751577]]), 'split5_test_score': array([[ 0.32410669,  0.47589146],
       [ 0.34373427,  0.4915404 ],
       [ 0.34625063,  0.49464997],
       [ 0.3467539 ,  0.49536539],
       [ 0.34977353,  0.49771973]]), 'split6_test_score': array([[ 0.24106694,  0.3859884 ],
       [ 0.24559638,  0.38953645],
       [ 0.24811273,  0.39050523],
       [ 0.24509311,  0.38929954],
       [ 0.24509311,  0.38923276]]), 'split7_test_score': array([[ 0.2556618 ,  0.39414006],
       [ 0.26321087,  0.39918477],
       [ 0.2662305 ,  0.40023624],
       [ 0.26371414,  0.39942256],
       [ 0.26522396,  0.40068848]]), 'split8_test_score': array([[ 0.2259688 ,  0.37057174],
       [ 0.23301459,  0.37501121],
       [ 0.23452441,  0.37604869],
       [ 0.23251132,  0.37470837],
       [ 0.2294917 ,  0.37384038]]), 'split9_test_score': array([[ 0.10770005,  0.24335461],
       [ 0.11222949,  0.24796522],
       [ 0.11172622,  0.24729758],
       [ 0.11021641,  0.24669802],
       [ 0.11273276,  0.2482903 ]]), 'mean_test_score': array([[ 0.26638148,  0.41591361],
       [ 0.27141419,  0.42039987],
       [ 0.27307499,  0.42181556],
       [ 0.27257172,  0.42188205],
       [ 0.27352793,  0.42305087]]), 'std_test_score': array([[ 0.06230086,  0.06795853],
       [ 0.06263779,  0.06850661],
       [ 0.06331753,  0.06942304],
       [ 0.06423926,  0.07004054],
       [ 0.06430982,  0.07031984]]), 'rank_test_score': array([5, 4, 2, 3, 1], dtype=int32), 'split0_train_score': array([[ 0.92427282,  0.96038114],
       [ 0.9779338 ,  0.98863256],
       [ 0.98395186,  0.99189234],
       [ 0.98996991,  0.99498495],
       [ 0.99348044,  0.99674022]]), 'split1_train_score': array([[ 0.8821904 ,  0.93593838],
       [ 0.95428284,  0.97575986],
       [ 0.96860085,  0.98358871],
       [ 0.97362472,  0.98618438],
       [ 0.98116051,  0.99007787]]), 'split2_train_score': array([[ 0.86863271,  0.92787328],
       [ 0.95006702,  0.97369722],
       [ 0.96179625,  0.98006483],
       [ 0.96766086,  0.98309488],
       [ 0.97352547,  0.98631591]]), 'split3_train_score': array([[ 0.86096794,  0.92194874],
       [ 0.94393463,  0.96998033],
       [ 0.95474544,  0.97587905],
       [ 0.96191075,  0.97975298],
       [ 0.96781898,  0.98302186]]), 'split4_train_score': array([[ 0.85314826,  0.91696233],
       [ 0.93623013,  0.96565206],
       [ 0.94870247,  0.97243739],
       [ 0.95876081,  0.97784626],
       [ 0.96328706,  0.98028415]]), 'split5_train_score': array([[ 0.8487719 ,  0.91381989],
       [ 0.93092464,  0.96252118],
       [ 0.94525945,  0.97032877],
       [ 0.95422919,  0.97530735],
       [ 0.96009724,  0.9785539 ]]), 'split6_train_score': array([[ 0.84162116,  0.90987614],
       [ 0.92526588,  0.95922481],
       [ 0.93970969,  0.96728637],
       [ 0.95048865,  0.97331197],
       [ 0.95709974,  0.97692308]]), 'split7_train_score': array([[ 0.83713765,  0.90678394],
       [ 0.92095831,  0.95679399],
       [ 0.93667861,  0.96558951],
       [ 0.94724266,  0.97149402],
       [ 0.95409671,  0.97519086]]), 'split8_train_score': array([[ 0.83119061,  0.90290386],
       [ 0.91458916,  0.95282601],
       [ 0.93085523,  0.96198779],
       [ 0.94147568,  0.96813178],
       [ 0.95058692,  0.97319951]]), 'split9_train_score': array([[ 0.82250843,  0.89719832],
       [ 0.90803441,  0.94889592],
       [ 0.92579363,  0.95903547],
       [ 0.93540273,  0.96455011],
       [ 0.94621925,  0.970757  ]]), 'mean_train_score': array([[ 0.85704419,  0.9193686 ],
       [ 0.93622208,  0.96539839],
       [ 0.94960935,  0.97280902],
       [ 0.9580766 ,  0.97746587],
       [ 0.96473723,  0.98110644]]), 'std_train_score': array([[ 0.02807238,  0.01755916],
       [ 0.01990185,  0.01134874],
       [ 0.01708462,  0.0096859 ],
       [ 0.01531471,  0.00855284],
       [ 0.01385986,  0.0076487 ]]), 'mean_fit_time': array([ 461.6444196 ,  456.8637804 ,  454.81282809,  459.71678379,
        454.74663606]), 'std_fit_time': array([ 355.24012817,  349.10638486,  348.83451859,  356.00023042,
        348.08484684]), 'mean_score_time': array([ 0.67683244,  0.66875474,  0.67740059,  0.67007072,  0.66612353]), 'std_score_time': array([ 0.03259088,  0.03542061,  0.039446  ,  0.04020504,  0.03479879]), 'param_mutual_info_classif__percentile': masked_array(data = [10 30 50 70 90],
             mask = [False False False False False],
       fill_value = ?)
, 'params': [{'mutual_info_classif__percentile': 10}, {'mutual_info_classif__percentile': 30}, {'mutual_info_classif__percentile': 50}, {'mutual_info_classif__percentile': 70}, {'mutual_info_classif__percentile': 90}]}
INFO:root:We count the occurrence of each term
INFO:root:(21864, 69799)
INFO:root:Use of the TF-IDF model
INFO:root:Computation of the weights of the TF-IDF model
INFO:root:Training of the models
INFO:root:RFECV SVM
INFO:root:Number of features
INFO:root:48862
INFO:root:The mask of selected features
INFO:root:[ True  True  True ...,  True  True  True]
INFO:root:The feature ranking
INFO:root:[1 1 1 ..., 1 1 1]
INFO:root:Cross validation scores
INFO:root:[[ 0.07292401  0.2121274 ]
 [ 0.14207348  0.29427883]
 [ 0.27307499  0.42146834]
 [ 0.27287368  0.42191328]
 [ 0.27372924  0.42274353]
 [ 0.27367891  0.4228164 ]
 [ 0.27382989  0.42295876]
 [ 0.27418218  0.42312712]
 [ 0.27423251  0.42318268]
 [ 0.27423251  0.423204  ]
 [ 0.27423251  0.4232018 ]
 [ 0.27423251  0.4232027 ]]
INFO:root:--- 143.6128203868866 seconds ---
