INFO:root:Splitting the data set
INFO:root:Shape of the initial Data Frame
INFO:root:(30339, 2)
INFO:root:Shape of the training set
INFO:root:(27305, 2)
INFO:root:Shape of the test set
INFO:root:(3034, 2)
INFO:root:Training of the models
INFO:root:GridSearch var_threshold Linear SVM
INFO:root:--- 311.5619909763336 seconds ---
INFO:root:GridSearch chi2 Linear SVM
INFO:root:--- 415.92972588539124 seconds ---
INFO:root:GridSearch f_classif Linear SVM
INFO:root:--- 414.2009017467499 seconds ---
INFO:root:GridSearch mutual_info_classif Linear SVM
INFO:root:--- 4511.511008739471 seconds ---
INFO:root:GridSearch var_threshold Linear SVM
INFO:root:Best parameters set found on the training set:
INFO:root:{'var_threshold__threshold': 0.00083333333333333328}
INFO:root:Grid scores on the training set:
INFO:root:[ 0.12973409  0.30676258] (+/-[ 0.09346884  0.11424712]) for {'var_threshold__threshold': 0.00083333333333333328}
INFO:root:[ 0.12159549  0.29252271] (+/-[ 0.10584739  0.1357121 ]) for {'var_threshold__threshold': 0.0024999999999999996}
INFO:root:[ 0.12123288  0.28609147] (+/-[ 0.11151577  0.14520466]) for {'var_threshold__threshold': 0.0041666666666666657}
INFO:root:[ 0.1211523   0.28472637] (+/-[ 0.1189332   0.15292563]) for {'var_threshold__threshold': 0.0058333333333333327}
INFO:root:[ 0.11752619  0.28044678] (+/-[ 0.10943669  0.14541264]) for {'var_threshold__threshold': 0.007499999999999998}
INFO:root:All results on the training set
INFO:root:{'split0_test_score': array([[ 0.03424658,  0.27846898],
       [ 0.02256245,  0.27109093],
       [ 0.02215955,  0.2627508 ],
       [ 0.01490733,  0.25658268],
       [ 0.01410153,  0.25936647]]), 'split1_test_score': array([[ 0.12449637,  0.28457125],
       [ 0.10596293,  0.26408755],
       [ 0.11764706,  0.27052721],
       [ 0.11966156,  0.2732875 ],
       [ 0.1361805 ,  0.2851144 ]]), 'split2_test_score': array([[ 0.21192587,  0.3891759 ],
       [ 0.21112006,  0.38702428],
       [ 0.22038678,  0.39286489],
       [ 0.22038678,  0.39546029],
       [ 0.18452861,  0.36014757]]), 'split3_test_score': array([[ 0.17203868,  0.42658432],
       [ 0.1809025 ,  0.43321471],
       [ 0.1796938 ,  0.43041189],
       [ 0.18734891,  0.43680699],
       [ 0.18936342,  0.43794484]]), 'split4_test_score': array([[ 0.16962127,  0.35263926],
       [ 0.17203868,  0.35197289],
       [ 0.17566479,  0.34900486],
       [ 0.182917  ,  0.35031925],
       [ 0.17808219,  0.34470427]]), 'split5_test_score': array([[ 0.12771958,  0.26072435],
       [ 0.10556003,  0.22697972],
       [ 0.10153102,  0.2174386 ],
       [ 0.09709911,  0.20830297],
       [ 0.09548751,  0.20685822]]), 'split6_test_score': array([[ 0.08017728,  0.27870936],
       [ 0.06285254,  0.24979033],
       [ 0.05761483,  0.23373293],
       [ 0.05519742,  0.22831633],
       [ 0.05076551,  0.22359474]]), 'split7_test_score': array([[ 0.13094279,  0.2581653 ],
       [ 0.11563255,  0.23616228],
       [ 0.10596293,  0.22080948],
       [ 0.10032232,  0.21439065],
       [ 0.10314263,  0.21495143]]), 'split8_test_score': array([[ 0.12087027,  0.27130591],
       [ 0.11160355,  0.25048771],
       [ 0.10314263,  0.23548123],
       [ 0.09911362,  0.2316132 ],
       [ 0.09830782,  0.22584598]]), 'split9_test_score': array([[ 0.12530218,  0.26728114],
       [ 0.12771958,  0.25441673],
       [ 0.12852538,  0.24789278],
       [ 0.1345689 ,  0.25218383],
       [ 0.12530218,  0.24593991]]), 'mean_test_score': array([[ 0.12973409,  0.30676258],
       [ 0.12159549,  0.29252271],
       [ 0.12123288,  0.28609147],
       [ 0.1211523 ,  0.28472637],
       [ 0.11752619,  0.28044678]]), 'std_test_score': array([[ 0.04673442,  0.05712356],
       [ 0.0529237 ,  0.06785605],
       [ 0.05575789,  0.07260233],
       [ 0.0594666 ,  0.07646282],
       [ 0.05471835,  0.07270632]]), 'rank_test_score': array([1, 2, 3, 4, 5], dtype=int32), 'split0_train_score': array([[ 0.44185111,  0.63417493],
       [ 0.27605634,  0.46272892],
       [ 0.22736419,  0.40076375],
       [ 0.21046278,  0.37224515],
       [ 0.18108652,  0.33960908]]), 'split1_train_score': array([[ 0.37708879,  0.56163056],
       [ 0.20656332,  0.378161  ],
       [ 0.17716932,  0.32906067],
       [ 0.17092813,  0.31226574],
       [ 0.15502315,  0.28655815]]), 'split2_train_score': array([[ 0.3381662 ,  0.5258508 ],
       [ 0.19599946,  0.35637429],
       [ 0.16418311,  0.3023241 ],
       [ 0.16149819,  0.29333651],
       [ 0.15357766,  0.27968047]]), 'split3_train_score': array([[ 0.31215386,  0.49844594],
       [ 0.20571946,  0.35865054],
       [ 0.18638606,  0.31494586],
       [ 0.18205619,  0.30426097],
       [ 0.18165341,  0.30177568]]), 'split4_train_score': array([[ 0.30097478,  0.48643517],
       [ 0.20285185,  0.34903493],
       [ 0.18601466,  0.30757199],
       [ 0.18416177,  0.29863433],
       [ 0.18118102,  0.28975295]]), 'split5_train_score': array([[ 0.29976502,  0.48029823],
       [ 0.20087278,  0.34163014],
       [ 0.18710977,  0.30129859],
       [ 0.18308157,  0.28703036],
       [ 0.1824102 ,  0.28152805]]), 'split6_train_score': array([[ 0.29429706,  0.46851759],
       [ 0.18904299,  0.32385813],
       [ 0.17459861,  0.28436332],
       [ 0.17074294,  0.27041606],
       [ 0.16987973,  0.26519205]]), 'split7_train_score': array([[ 0.28022559,  0.45184591],
       [ 0.17528576,  0.30759426],
       [ 0.16088423,  0.26763155],
       [ 0.15635228,  0.2526476 ],
       [ 0.15519412,  0.24757926]]), 'split8_train_score': array([[ 0.26995211,  0.43930039],
       [ 0.16771854,  0.29560746],
       [ 0.15429032,  0.25345552],
       [ 0.1511123 ,  0.24362275],
       [ 0.1471286 ,  0.23187366]]), 'split9_train_score': array([[ 0.26064537,  0.42838104],
       [ 0.16194658,  0.28369941],
       [ 0.14929702,  0.2464549 ],
       [ 0.14768561,  0.23804711],
       [ 0.14196511,  0.22558022]]), 'mean_train_score': array([[ 0.31751199,  0.49748806],
       [ 0.19820571,  0.34573391],
       [ 0.17672973,  0.30078703],
       [ 0.17180818,  0.28725066],
       [ 0.16490995,  0.27491296]]), 'std_train_score': array([[ 0.05241976,  0.05924919],
       [ 0.03012319,  0.0483128 ],
       [ 0.02126114,  0.04195849],
       [ 0.01798946,  0.03756461],
       [ 0.01516885,  0.03233767]]), 'mean_fit_time': array([ 28.24529188,  27.88726127,  28.36625385,  28.41064515,  29.8366761 ]), 'std_fit_time': array([ 23.89427053,  23.18747978,  23.21367702,  22.83494003,  24.11683485]), 'mean_score_time': array([ 0.83755252,  0.8306637 ,  0.80617635,  0.79036117,  0.81232862]), 'std_score_time': array([ 0.10282712,  0.09226982,  0.09367951,  0.08575309,  0.08166172]), 'param_var_threshold__threshold': masked_array(data = [0.00083333333333333328 0.0024999999999999996 0.0041666666666666657
 0.0058333333333333327 0.007499999999999998],
             mask = [False False False False False],
       fill_value = ?)
, 'params': [{'var_threshold__threshold': 0.00083333333333333328}, {'var_threshold__threshold': 0.0024999999999999996}, {'var_threshold__threshold': 0.0041666666666666657}, {'var_threshold__threshold': 0.0058333333333333327}, {'var_threshold__threshold': 0.007499999999999998}]}
INFO:root:GridSearch chi2 Linear SVM
INFO:root:Best parameters set found on the training set:
INFO:root:{'chi2__percentile': 90}
INFO:root:Grid scores on the training set:
INFO:root:[ 0.15294118  0.34147599] (+/-[ 0.11250343  0.1265106 ]) for {'chi2__percentile': 10}
INFO:root:[ 0.16655923  0.34476977] (+/-[ 0.08161002  0.09676743]) for {'chi2__percentile': 30}
INFO:root:[ 0.16692184  0.3456493 ] (+/-[ 0.08153109  0.09494087]) for {'chi2__percentile': 50}
INFO:root:[ 0.16776793  0.34622642] (+/-[ 0.08219984  0.09544019]) for {'chi2__percentile': 70}
INFO:root:[ 0.16784851  0.346232  ] (+/-[ 0.08147704  0.09474421]) for {'chi2__percentile': 90}
INFO:root:All results on the training set
INFO:root:{'split0_test_score': array([[ 0.02336825,  0.27068723],
       [ 0.07373086,  0.30387673],
       [ 0.06970185,  0.30185843],
       [ 0.07050766,  0.30165868],
       [ 0.07131346,  0.30210797]]), 'split1_test_score': array([[ 0.12731668,  0.29473711],
       [ 0.12812248,  0.28938853],
       [ 0.13376309,  0.29343898],
       [ 0.13376309,  0.29361598],
       [ 0.134166  ,  0.29370895]]), 'split2_test_score': array([[ 0.2292506 ,  0.4149326 ],
       [ 0.21998388,  0.39702227],
       [ 0.21756648,  0.39518226],
       [ 0.21958098,  0.39657231],
       [ 0.21877518,  0.39587853]]), 'split3_test_score': array([[ 0.19943594,  0.46299098],
       [ 0.17324738,  0.43651934],
       [ 0.17163578,  0.4354686 ],
       [ 0.17203868,  0.43549153],
       [ 0.17163578,  0.43479204]]), 'split4_test_score': array([[ 0.21958098,  0.4189998 ],
       [ 0.21474617,  0.40848409],
       [ 0.21434327,  0.40904154],
       [ 0.21635778,  0.41071277],
       [ 0.21514907,  0.41028845]]), 'split5_test_score': array([[ 0.17929089,  0.32113339],
       [ 0.19500403,  0.32223535],
       [ 0.19379533,  0.32272553],
       [ 0.19379533,  0.3232751 ],
       [ 0.19540693,  0.32392889]]), 'split6_test_score': array([[ 0.13376309,  0.34323917],
       [ 0.14585012,  0.34774812],
       [ 0.14826753,  0.35001609],
       [ 0.14907333,  0.35059431],
       [ 0.14947623,  0.35089666]]), 'split7_test_score': array([[ 0.14867043,  0.29517478],
       [ 0.16962127,  0.30493508],
       [ 0.16921837,  0.30445812],
       [ 0.17002417,  0.30499395],
       [ 0.16921837,  0.30469144]]), 'split8_test_score': array([[ 0.13376309,  0.30007058],
       [ 0.17002417,  0.32025203],
       [ 0.17324738,  0.32384197],
       [ 0.17203868,  0.32343486],
       [ 0.17203868,  0.32392999]]), 'split9_test_score': array([[ 0.1349718 ,  0.29279429],
       [ 0.17526189,  0.31723613],
       [ 0.17767929,  0.32046148],
       [ 0.1804996 ,  0.32191466],
       [ 0.1813054 ,  0.32209713]]), 'mean_test_score': array([[ 0.15294118,  0.34147599],
       [ 0.16655923,  0.34476977],
       [ 0.16692184,  0.3456493 ],
       [ 0.16776793,  0.34622642],
       [ 0.16784851,  0.346232  ]]), 'std_test_score': array([[ 0.05625172,  0.0632553 ],
       [ 0.04080501,  0.04838371],
       [ 0.04076555,  0.04747044],
       [ 0.04109992,  0.0477201 ],
       [ 0.04073852,  0.04737211]]), 'rank_test_score': array([5, 4, 3, 2, 1], dtype=int32), 'split0_train_score': array([[ 0.40402414,  0.59304853],
       [ 0.82132797,  0.90051197],
       [ 0.87686117,  0.93370545],
       [ 0.88933602,  0.94133992],
       [ 0.89617706,  0.94503528]]), 'split1_train_score': array([[ 0.42440105,  0.59970715],
       [ 0.82987719,  0.90149769],
       [ 0.8719549 ,  0.92746891],
       [ 0.88564526,  0.93592078],
       [ 0.89047715,  0.93887756]]), 'split2_train_score': array([[ 0.39522084,  0.56956614],
       [ 0.80386629,  0.88476215],
       [ 0.84897302,  0.91372891],
       [ 0.86266613,  0.92231685],
       [ 0.86696201,  0.92527784]]), 'split3_train_score': array([[ 0.38938677,  0.56529533],
       [ 0.78038465,  0.87144048],
       [ 0.82388481,  0.89976248],
       [ 0.84100292,  0.91062338],
       [ 0.84633974,  0.91394164]]), 'split4_train_score': array([[ 0.40667043,  0.58110944],
       [ 0.77765246,  0.87043282],
       [ 0.81986627,  0.89733134],
       [ 0.83525336,  0.90716518],
       [ 0.84048981,  0.91050557]]), 'split5_train_score': array([[ 0.40798926,  0.58323207],
       [ 0.77462236,  0.8686239 ],
       [ 0.81691843,  0.89567897],
       [ 0.83289695,  0.90558359],
       [ 0.83914065,  0.90974401]]), 'split6_train_score': array([[ 0.41928987,  0.59212843],
       [ 0.78396731,  0.87329733],
       [ 0.82166082,  0.89783783],
       [ 0.83575991,  0.9068948 ],
       [ 0.84197502,  0.91092146]]), 'split7_train_score': array([[ 0.41653658,  0.58951375],
       [ 0.78402739,  0.87251232],
       [ 0.82063548,  0.89615299],
       [ 0.8339292 ,  0.90482779],
       [ 0.84118032,  0.90937924]]), 'split8_train_score': array([[ 0.41891589,  0.58963554],
       [ 0.78214941,  0.87061108],
       [ 0.81894275,  0.89433441],
       [ 0.83272906,  0.9033254 ],
       [ 0.83863748,  0.90732079]]), 'split9_train_score': array([[ 0.40506788,  0.57523654],
       [ 0.78282238,  0.86977243],
       [ 0.8173871 ,  0.8929983 ],
       [ 0.83180921,  0.90250838],
       [ 0.837288  ,  0.90614468]]), 'mean_train_score': array([[ 0.40875027,  0.58384729],
       [ 0.79206974,  0.87834622],
       [ 0.83370847,  0.90489996],
       [ 0.8481028 ,  0.91405061],
       [ 0.85386673,  0.91771481]]), 'std_train_score': array([[ 0.01057728,  0.01049063],
       [ 0.01840563,  0.01210858],
       [ 0.02220007,  0.01401939],
       [ 0.02150235,  0.01344138],
       [ 0.02136251,  0.01318616]]), 'mean_fit_time': array([ 25.0590759 ,  41.7360219 ,  42.66703625,  42.51083896,  41.31714013]), 'std_fit_time': array([ 21.66051168,  32.61010134,  33.33080037,  32.71901349,  30.9063262 ]), 'mean_score_time': array([ 0.82553167,  0.88577235,  0.89086943,  0.89157763,  0.91712327]), 'std_score_time': array([ 0.09043341,  0.14576155,  0.13577291,  0.14201858,  0.11821282]), 'param_chi2__percentile': masked_array(data = [10 30 50 70 90],
             mask = [False False False False False],
       fill_value = ?)
, 'params': [{'chi2__percentile': 10}, {'chi2__percentile': 30}, {'chi2__percentile': 50}, {'chi2__percentile': 70}, {'chi2__percentile': 90}]}
INFO:root:GridSearch f_classif Linear SVM
INFO:root:Best parameters set found on the training set:
INFO:root:{'f_classif__percentile': 70}
INFO:root:Grid scores on the training set:
INFO:root:[ 0.13763094  0.31395976] (+/-[ 0.12624329  0.14279317]) for {'f_classif__percentile': 10}
INFO:root:[ 0.1609589   0.34055993] (+/-[ 0.08592526  0.10236537]) for {'f_classif__percentile': 30}
INFO:root:[ 0.16615633  0.34456319] (+/-[ 0.08296253  0.09659982]) for {'f_classif__percentile': 50}
INFO:root:[ 0.16772764  0.34618478] (+/-[ 0.08144264  0.09497206]) for {'f_classif__percentile': 70}
INFO:root:[ 0.1674859   0.34609894] (+/-[ 0.08095886  0.09483184]) for {'f_classif__percentile': 90}
INFO:root:All results on the training set
INFO:root:{'split0_test_score': array([[ 0.        ,  0.24931168],
       [ 0.06526994,  0.29799879],
       [ 0.07091056,  0.30316136],
       [ 0.07010475,  0.3021474 ],
       [ 0.07091056,  0.30185321]]), 'split1_test_score': array([[ 0.15672844,  0.3000864 ],
       [ 0.12610798,  0.28826254],
       [ 0.12933118,  0.29002311],
       [ 0.1345689 ,  0.29328956],
       [ 0.1345689 ,  0.2941454 ]]), 'split2_test_score': array([[ 0.19943594,  0.3855823 ],
       [ 0.22199839,  0.40027069],
       [ 0.22280419,  0.3982766 ],
       [ 0.21837228,  0.39532463],
       [ 0.21796938,  0.39575127]]), 'split3_test_score': array([[ 0.20024174,  0.45001381],
       [ 0.17163578,  0.43550871],
       [ 0.17284448,  0.43569251],
       [ 0.17244158,  0.43653239],
       [ 0.17163578,  0.43512042]]), 'split4_test_score': array([[ 0.23045931,  0.42069865],
       [ 0.21394037,  0.40943894],
       [ 0.21394037,  0.40759719],
       [ 0.21394037,  0.40887866],
       [ 0.21434327,  0.41004641]]), 'split5_test_score': array([[ 0.14302981,  0.26863623],
       [ 0.18775181,  0.31856892],
       [ 0.19097502,  0.32073713],
       [ 0.19379533,  0.32267667],
       [ 0.19419823,  0.3233435 ]]), 'split6_test_score': array([[ 0.08178888,  0.26783838],
       [ 0.1353747 ,  0.33787466],
       [ 0.14423852,  0.34649628],
       [ 0.14947623,  0.35096004],
       [ 0.14947623,  0.35088789]]), 'split7_test_score': array([[ 0.11563255,  0.25129838],
       [ 0.15753425,  0.2936158 ],
       [ 0.16841257,  0.30304718],
       [ 0.16962127,  0.30489812],
       [ 0.17002417,  0.30517667]]), 'split8_test_score': array([[ 0.11442385,  0.26542646],
       [ 0.16156326,  0.31320761],
       [ 0.17123288,  0.32183948],
       [ 0.17405318,  0.32435543],
       [ 0.17203868,  0.32313873]]), 'split9_test_score': array([[ 0.1345689 ,  0.28070527],
       [ 0.16841257,  0.31085264],
       [ 0.17687349,  0.31876107],
       [ 0.1809025 ,  0.32278487],
       [ 0.1796938 ,  0.32152589]]), 'mean_test_score': array([[ 0.13763094,  0.31395976],
       [ 0.1609589 ,  0.34055993],
       [ 0.16615633,  0.34456319],
       [ 0.16772764,  0.34618478],
       [ 0.1674859 ,  0.34609894]]), 'std_test_score': array([[ 0.06312165,  0.07139658],
       [ 0.04296263,  0.05118268],
       [ 0.04148126,  0.04829991],
       [ 0.04072132,  0.04748603],
       [ 0.04047943,  0.04741592]]), 'rank_test_score': array([5, 4, 3, 1, 2], dtype=int32), 'split0_train_score': array([[ 0.18672032,  0.33866749],
       [ 0.71629779,  0.8342353 ],
       [ 0.86076459,  0.92442972],
       [ 0.87887324,  0.93530651],
       [ 0.89376258,  0.94390012]]), 'split1_train_score': array([[ 0.20877793,  0.35873749],
       [ 0.72679686,  0.83436583],
       [ 0.84517818,  0.91092441],
       [ 0.87276022,  0.92781867],
       [ 0.88584659,  0.936265  ]]), 'split2_train_score': array([[ 0.24338837,  0.39621789],
       [ 0.725735  ,  0.83351371],
       [ 0.82225802,  0.89740892],
       [ 0.84964425,  0.91417745],
       [ 0.86454558,  0.92370753]]), 'split3_train_score': array([[ 0.26170577,  0.41616438],
       [ 0.71322123,  0.82663315],
       [ 0.80052361,  0.8846546 ],
       [ 0.82891954,  0.90289506],
       [ 0.84352029,  0.91215573]]), 'split4_train_score': array([[ 0.25505518,  0.39735472],
       [ 0.70764521,  0.82372308],
       [ 0.79577862,  0.88225832],
       [ 0.82284702,  0.89939044],
       [ 0.83823411,  0.9090841 ]]), 'split5_train_score': array([[ 0.25545485,  0.39758732],
       [ 0.70231621,  0.8201697 ],
       [ 0.7932192 ,  0.88099485],
       [ 0.82128231,  0.89842204],
       [ 0.83625378,  0.90786649]]), 'split6_train_score': array([[ 0.25125165,  0.38808664],
       [ 0.71439259,  0.82654388],
       [ 0.80042585,  0.8842484 ],
       [ 0.82430799,  0.899673  ],
       [ 0.83944294,  0.90924591]]), 'split7_train_score': array([[ 0.2375749 ,  0.37272347],
       [ 0.72229216,  0.83112341],
       [ 0.79878141,  0.88226151],
       [ 0.8233043 ,  0.89798905],
       [ 0.83760512,  0.90722682]]), 'split8_train_score': array([[ 0.24296137,  0.3828394 ],
       [ 0.72337854,  0.83104785],
       [ 0.79678618,  0.87993847],
       [ 0.82077794,  0.8956278 ],
       [ 0.83577279,  0.90538187]]), 'split9_train_score': array([[ 0.23502397,  0.37506625],
       [ 0.73012932,  0.83415217],
       [ 0.79655964,  0.87923831],
       [ 0.81936108,  0.89441432],
       [ 0.83499174,  0.90464515]]), 'mean_train_score': array([[ 0.23779143,  0.38234451],
       [ 0.71822049,  0.82955081],
       [ 0.81102753,  0.89063575],
       [ 0.83620779,  0.90657144],
       [ 0.85099755,  0.91594787]]), 'std_train_score': array([[ 0.02208825,  0.02106569],
       [ 0.00850383,  0.00475649],
       [ 0.02258465,  0.01467549],
       [ 0.02149734,  0.01362094],
       [ 0.02112792,  0.01319656]]), 'mean_fit_time': array([ 28.39383547,  42.45132287,  44.63412278,  45.93057053,  44.813799  ]), 'std_fit_time': array([ 22.8021672 ,  34.1553849 ,  35.315947  ,  35.87647876,  33.97842239]), 'mean_score_time': array([ 0.83512635,  0.89883225,  0.9294558 ,  0.94010513,  0.89538231]), 'std_score_time': array([ 0.08821295,  0.12246443,  0.18119378,  0.15422724,  0.11841975]), 'param_f_classif__percentile': masked_array(data = [10 30 50 70 90],
             mask = [False False False False False],
       fill_value = ?)
, 'params': [{'f_classif__percentile': 10}, {'f_classif__percentile': 30}, {'f_classif__percentile': 50}, {'f_classif__percentile': 70}, {'f_classif__percentile': 90}]}
INFO:root:GridSearch mutual_info_classif Linear SVM
INFO:root:Best parameters set found on the training set:
INFO:root:{'mutual_info_classif__percentile': 90}
INFO:root:Grid scores on the training set:
INFO:root:[ 0.16148268  0.33906728] (+/-[ 0.08845986  0.09619066]) for {'mutual_info_classif__percentile': 10}
INFO:root:[ 0.16716358  0.34510378] (+/-[ 0.08260899  0.0954709 ]) for {'mutual_info_classif__percentile': 30}
INFO:root:[ 0.16744561  0.34578567] (+/-[ 0.08160843  0.09443427]) for {'mutual_info_classif__percentile': 50}
INFO:root:[ 0.16740532  0.3461246 ] (+/-[ 0.08209159  0.09500719]) for {'mutual_info_classif__percentile': 70}
INFO:root:[ 0.16752619  0.3460987 ] (+/-[ 0.08109569  0.09488457]) for {'mutual_info_classif__percentile': 90}
INFO:root:All results on the training set
INFO:root:{'split0_test_score': array([[ 0.05237712,  0.28890676],
       [ 0.06970185,  0.30188485],
       [ 0.07050766,  0.30222532],
       [ 0.06970185,  0.3015549 ],
       [ 0.07091056,  0.30171646]]), 'split1_test_score': array([[ 0.13295729,  0.29007478],
       [ 0.13336019,  0.29258578],
       [ 0.1353747 ,  0.29454053],
       [ 0.1345689 ,  0.29406801],
       [ 0.1345689 ,  0.29429318]]), 'split2_test_score': array([[ 0.21595488,  0.39044065],
       [ 0.21716358,  0.39402092],
       [ 0.21716358,  0.39432081],
       [ 0.21756648,  0.39558006],
       [ 0.21756648,  0.39549484]]), 'split3_test_score': array([[ 0.16760677,  0.4301796 ],
       [ 0.17203868,  0.43557434],
       [ 0.17123288,  0.43500119],
       [ 0.17163578,  0.43544201],
       [ 0.17163578,  0.43530033]]), 'split4_test_score': array([[ 0.21031426,  0.40318689],
       [ 0.21756648,  0.41003819],
       [ 0.21635778,  0.41019593],
       [ 0.21555197,  0.41047626],
       [ 0.21514907,  0.41013802]]), 'split5_test_score': array([[ 0.18896052,  0.31827401],
       [ 0.19419823,  0.32300177],
       [ 0.19460113,  0.3231046 ],
       [ 0.19540693,  0.32357116],
       [ 0.19460113,  0.32343395]]), 'split6_test_score': array([[ 0.13980661,  0.34030882],
       [ 0.14625302,  0.34768235],
       [ 0.14665592,  0.34903095],
       [ 0.14705882,  0.35014512],
       [ 0.14947623,  0.35085739]]), 'split7_test_score': array([[ 0.16720387,  0.29963936],
       [ 0.16881547,  0.30320855],
       [ 0.17002417,  0.30490207],
       [ 0.17082998,  0.30529712],
       [ 0.16962127,  0.30488991]]), 'split8_test_score': array([[ 0.16438356,  0.31483588],
       [ 0.17324738,  0.32288674],
       [ 0.17365028,  0.32378972],
       [ 0.17284448,  0.32362701],
       [ 0.17203868,  0.32326443]]), 'split9_test_score': array([[ 0.17526189,  0.31482605],
       [ 0.17929089,  0.32015429],
       [ 0.17888799,  0.32074557],
       [ 0.17888799,  0.32148434],
       [ 0.1796938 ,  0.32159847]]), 'mean_test_score': array([[ 0.16148268,  0.33906728],
       [ 0.16716358,  0.34510378],
       [ 0.16744561,  0.34578567],
       [ 0.16740532,  0.3461246 ],
       [ 0.16752619,  0.3460987 ]]), 'std_test_score': array([[ 0.04422993,  0.04809533],
       [ 0.04130449,  0.04773545],
       [ 0.04080421,  0.04721714],
       [ 0.04104579,  0.0475036 ],
       [ 0.04054785,  0.04744229]]), 'rank_test_score': array([5, 4, 2, 3, 1], dtype=int32), 'split0_train_score': array([[ 0.80120724,  0.88898312],
       [ 0.86599598,  0.92805672],
       [ 0.87645875,  0.93370211],
       [ 0.88812877,  0.9404414 ],
       [ 0.89376258,  0.9438651 ]]), 'split1_train_score': array([[ 0.81497886,  0.89185422],
       [ 0.86229112,  0.92210566],
       [ 0.87094826,  0.9272664 ],
       [ 0.87779344,  0.93130913],
       [ 0.88645057,  0.93660121]]), 'split2_train_score': array([[ 0.78547456,  0.87490456],
       [ 0.83769634,  0.90718691],
       [ 0.84816754,  0.91336601],
       [ 0.85420862,  0.91725649],
       [ 0.86427708,  0.92359695]]), 'split3_train_score': array([[ 0.76084986,  0.86072701],
       [ 0.81452019,  0.89421518],
       [ 0.8278119 ,  0.90215659],
       [ 0.83496123,  0.90649404],
       [ 0.84321821,  0.91201837]]), 'split4_train_score': array([[ 0.7613792 ,  0.86089514],
       [ 0.80858777,  0.89122508],
       [ 0.81922178,  0.89759071],
       [ 0.82856683,  0.90297435],
       [ 0.83847579,  0.90918152]]), 'split5_train_score': array([[ 0.75683115,  0.85914643],
       [ 0.80496811,  0.88918808],
       [ 0.81570997,  0.89549206],
       [ 0.82551192,  0.90123199],
       [ 0.83618664,  0.90790686]]), 'split6_train_score': array([[ 0.76457386,  0.86224984],
       [ 0.80905795,  0.89061169],
       [ 0.82004949,  0.89724964],
       [ 0.82937216,  0.90290317],
       [ 0.83967313,  0.90941146]]), 'split7_train_score': array([[ 0.76484214,  0.86111504],
       [ 0.80890276,  0.88924286],
       [ 0.81862128,  0.89518466],
       [ 0.82778589,  0.90100638],
       [ 0.83700086,  0.90688656]]), 'split8_train_score': array([[ 0.76361846,  0.85885212],
       [ 0.80734972,  0.88733172],
       [ 0.8172866 ,  0.89342534],
       [ 0.82632828,  0.89921357],
       [ 0.8351909 ,  0.90506797]]), 'split9_train_score': array([[ 0.76086694,  0.85626719],
       [ 0.8048584 ,  0.88517364],
       [ 0.81537284,  0.89177691],
       [ 0.82459815,  0.89776261],
       [ 0.83422632,  0.90410996]]), 'mean_train_score': array([[ 0.77346223,  0.86749947],
       [ 0.82242283,  0.89843375],
       [ 0.83296484,  0.90472104],
       [ 0.84172553,  0.91005931],
       [ 0.85084621,  0.9158646 ]]), 'std_train_score': array([[ 0.01904791,  0.01240183],
       [ 0.02275308,  0.01454127],
       [ 0.02237536,  0.01416838],
       [ 0.02229151,  0.01403303],
       [ 0.02133971,  0.01331763]]), 'mean_fit_time': array([ 436.34842341,  440.90823896,  440.65152969,  438.38182771,
        438.34980557]), 'std_fit_time': array([ 330.87772316,  333.05342782,  331.47432288,  326.19421547,
        326.4799475 ]), 'mean_score_time': array([ 0.84465234,  0.86533613,  0.86100242,  0.86302395,  0.86399319]), 'std_score_time': array([ 0.11338447,  0.12395517,  0.11614849,  0.11986353,  0.10239868]), 'param_mutual_info_classif__percentile': masked_array(data = [10 30 50 70 90],
             mask = [False False False False False],
       fill_value = ?)
, 'params': [{'mutual_info_classif__percentile': 10}, {'mutual_info_classif__percentile': 30}, {'mutual_info_classif__percentile': 50}, {'mutual_info_classif__percentile': 70}, {'mutual_info_classif__percentile': 90}]}
INFO:root:We count the occurrence of each term
INFO:root:(27305, 42990)
INFO:root:Use of the TF-IDF model
INFO:root:Computation of the weights of the TF-IDF model
INFO:root:Training of the models
INFO:root:RFECV SVM
INFO:root:Number of features
INFO:root:21495
INFO:root:The mask of selected features
INFO:root:[ True  True  True ...,  True False False]
INFO:root:The feature ranking
INFO:root:[1 1 1 ..., 1 4 4]
INFO:root:Cross validation scores
INFO:root:[[ 0.11406124  0.27303308]
 [ 0.16716358  0.34468313]
 [ 0.16752619  0.34569238]
 [ 0.16833199  0.34636172]
 [ 0.16821112  0.34637717]
 [ 0.16841257  0.34651476]
 [ 0.16837228  0.34651509]
 [ 0.16837228  0.34652142]
 [ 0.16837228  0.34652284]
 [ 0.16837228  0.34652343]
 [ 0.16837228  0.34652343]]
INFO:root:--- 1279.6505789756775 seconds ---
